<?xml version="1.0" encoding="UTF-8"?>
<testsuite xmlns:xsi="http://www.w3.org/2001/XMLSchema-instance" xsi:noNamespaceSchemaLocation="https://maven.apache.org/surefire/maven-surefire-plugin/xsd/surefire-test-report.xsd" name="com.cricket.stats.StatsTest" time="0.526" tests="50" errors="0" skipped="0" failures="0">
  <properties>
[...]
</properties>
  <testcase name="aBlankTallyPlayerIdIsRejected" classname="com.cricket.stats.StatsTest" time="0.289"/>
  <testcase name="differentValuesAreDistinctRecords" classname="com.cricket.stats.StatsTest" time="0.003"/>
  <testcase name="aFreshDirectoryIsEmpty" classname="com.cricket.stats.StatsTest" time="0.003"/>
  <testcase name="thereIsNoHighestWhenEmpty" classname="com.cricket.stats.StatsTest" time="0.003"/>
  <testcase name="aNegativeLimitIsRejected" classname="com.cricket.stats.StatsTest" time="0.002"/>
  <testcase name="aNeverOutTallyAveragesItsRuns" classname="com.cricket.stats.StatsTest" time="0"/>
  <testcase name="theLeadingWicketTakerIsRanked" classname="com.cricket.stats.StatsTest" time="0.003"/>
  <testcase name="absorbingRecordsTheBowlersFigures" classname="com.cricket.stats.StatsTest" time="0.031"/>
  <testcase name="aRecordIsStored" classname="com.cricket.stats.StatsTest" time="0.001"/>
  <testcase name="aTallyIsCreatedOnFirstReference" classname="com.cricket.stats.StatsTest" time="0.001"/>
  <testcase name="absorbingNullIsRejected" classname="com.cricket.stats.StatsTest" time="0.002"/>
  <testcase name="aWicketlessTallyHasNoBowlingAverage" classname="com.cricket.stats.StatsTest" time="0.002"/>
  <testcase name="resetClearsTheLeaderboard" classname="com.cricket.stats.StatsTest" time="0.001"/>
  <testcase name="theSameRecordIsNotStoredTwice" classname="com.cricket.stats.StatsTest" time="0.001"/>
  <testcase name="aBlankRecordKindIsRejected" classname="com.cricket.stats.StatsTest" time="0.001"/>
  <testcase name="dismissalsDivideTheAverage" classname="com.cricket.stats.StatsTest" time="0.003"/>
  <testcase name="aggregateRunsSumEveryPlayer" classname="com.cricket.stats.StatsTest" time="0.002"/>
  <testcase name="theLimitCapsTheLeaderboard" classname="com.cricket.stats.StatsTest" time="0.001"/>
  <testcase name="absorbingAnInningsPopulatesTheTallies" classname="com.cricket.stats.StatsTest" time="0.001"/>
  <testcase name="renderingNullIsRejected" classname="com.cricket.stats.StatsTest" time="0.002"/>
  <testcase name="aBlankExportDirectoryIsRejected" classname="com.cricket.stats.StatsTest" time="0.001"/>
  <testcase name="onlyBowlersAppearInTheEconomyTable" classname="com.cricket.stats.StatsTest" time="0.001"/>
  <testcase name="recordsAreFilteredByPlayer" classname="com.cricket.stats.StatsTest" time="0.002"/>
  <testcase name="recordsAreFilteredByKind" classname="com.cricket.stats.StatsTest" time="0.001"/>
  <testcase name="aZeroLimitReturnsNothing" classname="com.cricket.stats.StatsTest" time="0.002"/>
  <testcase name="absorbingCountsBoundaries" classname="com.cricket.stats.StatsTest" time="0.001"/>
  <testcase name="theEconomyTableRanksTheCheapestFirst" classname="com.cricket.stats.StatsTest" time="0.001"/>
  <testcase name="theTopScorersAreOrderedByRuns" classname="com.cricket.stats.StatsTest" time="0.002"/>
  <testcase name="exportingWritesAFile" classname="com.cricket.stats.StatsTest" time="0.011"/>
  <testcase name="anUntrackedPlayerIsNotPresent" classname="com.cricket.stats.StatsTest" time="0.002"/>
  <testcase name="aMatchRendersAsJson" classname="com.cricket.stats.StatsTest" time="0.003"/>
  <testcase name="theRenderedDocumentListsTheInnings" classname="com.cricket.stats.StatsTest" time="0.013"/>
  <testcase name="aLimitBeyondTheFieldReturnsEveryone" classname="com.cricket.stats.StatsTest" time="0.002"/>
  <testcase name="catchesAreCounted" classname="com.cricket.stats.StatsTest" time="0.001"/>
  <testcase name="anEmptyLeaderboardHasNoLeader" classname="com.cricket.stats.StatsTest" time="0.002"/>
  <testcase name="aBlankRecordPlayerIsRejected" classname="com.cricket.stats.StatsTest" time="0.001"/>
  <testcase name="playersAboveAThresholdAreListed" classname="com.cricket.stats.StatsTest" time="0.003"/>
  <testcase name="anUnfacedTallyHasNoStrikeRate" classname="com.cricket.stats.StatsTest" time="0.001"/>
  <testcase name="anExportedFileIsListed" classname="com.cricket.stats.StatsTest" time="0.003"/>
  <testcase name="theExportedFileParsesBackAsJson" classname="com.cricket.stats.StatsTest" time="0.002"/>
  <testcase name="theLeadingRunScorerIsRanked" classname="com.cricket.stats.StatsTest" time="0.001"/>
  <testcase name="aTallyComputesItsStrikeRate" classname="com.cricket.stats.StatsTest" time="0.001"/>
  <testcase name="ensureDirectoryCreatesTheFolder" classname="com.cricket.stats.StatsTest" time="0.005"/>
  <testcase name="theHighestRecordIsReported" classname="com.cricket.stats.StatsTest" time="0.001"/>
  <testcase name="boundaryRunsAreSummed" classname="com.cricket.stats.StatsTest" time="0.001"/>
  <testcase name="recordsOfAKindAreRankedByValue" classname="com.cricket.stats.StatsTest" time="0.001"/>
  <testcase name="clearEmptiesTheBook" classname="com.cricket.stats.StatsTest" time="0.002"/>
  <testcase name="cleanupRemovesTheExports" classname="com.cricket.stats.StatsTest" time="0.003"/>
  <testcase name="aNullRecordIsRejected" classname="com.cricket.stats.StatsTest" time="0.002"/>
  <testcase name="aTallyComputesItsEconomy" classname="com.cricket.stats.StatsTest" time="0.002"/>
</testsuite>