<?xml version="1.0" encoding="UTF-8"?>
<testsuite xmlns:xsi="http://www.w3.org/2001/XMLSchema-instance" xsi:noNamespaceSchemaLocation="https://maven.apache.org/surefire/maven-surefire-plugin/xsd/surefire-test-report.xsd" name="com.cricket.api.CricketApiTest" time="0.283" tests="50" errors="0" skipped="0" failures="0">
  <properties>
[...]
</properties>
  <testcase name="anEmptyRegistryListsNothing" classname="com.cricket.api.CricketApiTest" time="0.026"/>
  <testcase name="creatingAMatchImportsBothSquads" classname="com.cricket.api.CricketApiTest" time="0.027"/>
  <testcase name="startingAMatchOpensAnInnings" classname="com.cricket.api.CricketApiTest" time="0.02"/>
  <testcase name="matchesAreListed" classname="com.cricket.api.CricketApiTest" time="0.001"/>
  <testcase name="aDeliveryWithoutABowlerIsRejected" classname="com.cricket.api.CricketApiTest" time="0.003"/>
  <testcase name="anExtraIsRecorded" classname="com.cricket.api.CricketApiTest" time="0.047"/>
  <testcase name="aCreatedMatchIsRegistered" classname="com.cricket.api.CricketApiTest" time="0"/>
  <testcase name="aNegativeCommentaryLimitIsRejected" classname="com.cricket.api.CricketApiTest" time="0.001"/>
  <testcase name="commentaryIsServed" classname="com.cricket.api.CricketApiTest" time="0.002"/>
  <testcase name="aDeliveryToAnUnstartedMatchIsRejected" classname="com.cricket.api.CricketApiTest" time="0"/>
  <testcase name="commentaryRespectsTheLimit" classname="com.cricket.api.CricketApiTest" time="0.008"/>
  <testcase name="aWicketIsRecorded" classname="com.cricket.api.CricketApiTest" time="0.003"/>
  <testcase name="healthReportsTheMatchCount" classname="com.cricket.api.CricketApiTest" time="0.001"/>
  <testcase name="aDeliveryIsAccepted" classname="com.cricket.api.CricketApiTest" time="0.001"/>
  <testcase name="aMissingBodyIsRejected" classname="com.cricket.api.CricketApiTest" time="0.002"/>
  <testcase name="theRequestPathMustBeAbsolute" classname="com.cricket.api.CricketApiTest" time="0.002"/>
  <testcase name="theRootIsNotFound" classname="com.cricket.api.CricketApiTest" time="0"/>
  <testcase name="anUnknownStatsRouteIsNotFound" classname="com.cricket.api.CricketApiTest" time="0.005"/>
  <testcase name="aRateLimitedClientIsRefused" classname="com.cricket.api.CricketApiTest" time="0.001"/>
  <testcase name="metricsAreServed" classname="com.cricket.api.CricketApiTest" time="0.001"/>
  <testcase name="anUnknownRouteIsNotFound" classname="com.cricket.api.CricketApiTest" time="0.001"/>
  <testcase name="theFormatDefaultsToT20" classname="com.cricket.api.CricketApiTest" time="0.001"/>
  <testcase name="aDuplicateMatchIdIsRejected" classname="com.cricket.api.CricketApiTest" time="0"/>
  <testcase name="aTeamCannotPlayItself" classname="com.cricket.api.CricketApiTest" time="0.001"/>
  <testcase name="theWicketTableIsServed" classname="com.cricket.api.CricketApiTest" time="0.003"/>
  <testcase name="metricsCountEveryRequest" classname="com.cricket.api.CricketApiTest" time="0"/>
  <testcase name="healthRejectsPost" classname="com.cricket.api.CricketApiTest" time="0.001"/>
  <testcase name="aDeliveryReachesTheScorecard" classname="com.cricket.api.CricketApiTest" time="0.002"/>
  <testcase name="anUnknownAdminRouteIsNotFound" classname="com.cricket.api.CricketApiTest" time="0.001"/>
  <testcase name="aMissingMatchIdIsRejected" classname="com.cricket.api.CricketApiTest" time="0"/>
  <testcase name="severalDeliveriesAccumulate" classname="com.cricket.api.CricketApiTest" time="0.003"/>
  <testcase name="anUnknownMatchIsNotFound" classname="com.cricket.api.CricketApiTest" time="0.001"/>
  <testcase name="metricsCollapseTheMatchIdIntoOneRoute" classname="com.cricket.api.CricketApiTest" time="0"/>
  <testcase name="aMatchDetailIsServed" classname="com.cricket.api.CricketApiTest" time="0.001"/>
  <testcase name="anUnknownFormatIsRejected" classname="com.cricket.api.CricketApiTest" time="0.001"/>
  <testcase name="explicitTeamsAreHonoured" classname="com.cricket.api.CricketApiTest" time="0"/>
  <testcase name="anUnknownTeamIsRejected" classname="com.cricket.api.CricketApiTest" time="0.001"/>
  <testcase name="malformedJsonIsRejected" classname="com.cricket.api.CricketApiTest" time="0.011"/>
  <testcase name="aMatchIsCreated" classname="com.cricket.api.CricketApiTest" time="0.001"/>
  <testcase name="aDeliveryToAnUnknownMatchIsNotFound" classname="com.cricket.api.CricketApiTest" time="0.001"/>
  <testcase name="healthReportsOk" classname="com.cricket.api.CricketApiTest" time="0.002"/>
  <testcase name="postingToStatsIsNotAllowed" classname="com.cricket.api.CricketApiTest" time="0"/>
  <testcase name="handlingNullIsRejected" classname="com.cricket.api.CricketApiTest" time="0.001"/>
  <testcase name="anExplicitFormatIsHonoured" classname="com.cricket.api.CricketApiTest" time="0.001"/>
  <testcase name="gettingBallsIsNotAllowed" classname="com.cricket.api.CricketApiTest" time="0"/>
  <testcase name="shutdownClearsTheRegistry" classname="com.cricket.api.CricketApiTest" time="0.002"/>
  <testcase name="aDeliveryWithoutABodyIsRejected" classname="com.cricket.api.CricketApiTest" time="0"/>
  <testcase name="startingAnUnknownMatchIsNotFound" classname="com.cricket.api.CricketApiTest" time="0.001"/>
  <testcase name="startingWithoutAMatchIdIsRejected" classname="com.cricket.api.CricketApiTest" time="0.001"/>
  <testcase name="theLeaderboardIsServed" classname="com.cricket.api.CricketApiTest" time="0"/>
</testsuite>