<?xml version="1.0" encoding="UTF-8"?>
<testsuite xmlns:xsi="http://www.w3.org/2001/XMLSchema-instance" xsi:noNamespaceSchemaLocation="https://maven.apache.org/surefire/maven-surefire-plugin/xsd/surefire-test-report.xsd" name="com.cricket.api.MatchApiIngestTest" time="0.079" tests="4" errors="0" skipped="0" failures="0">
  <properties>
[...]
</properties>
  <testcase name="commentaryCoversEveryPostedDelivery" classname="com.cricket.api.MatchApiIngestTest" time="0.032"/>
  <testcase name="theScorecardIsCompleteWhenProperlyAwaited" classname="com.cricket.api.MatchApiIngestTest" time="0.015"/>
  <testcase name="postedDeliveriesShowUpOnTheScorecard" classname="com.cricket.api.MatchApiIngestTest" time="0.017"/>
  <testcase name="theOverCountIsCurrentOnTheScorecard" classname="com.cricket.api.MatchApiIngestTest" time="0.013"/>
</testsuite>