<?xml version="1.0" encoding="UTF-8"?>
<testsuite xmlns:xsi="http://www.w3.org/2001/XMLSchema-instance" xsi:noNamespaceSchemaLocation="https://maven.apache.org/surefire/maven-surefire-plugin/xsd/surefire-test-report.xsd" name="com.cricket.core.registry.RegistryTest" time="0.03" tests="42" errors="0" skipped="0" failures="0">
  <properties>
[...]
</properties>
  <testcase name="registeringTracksTheCount" classname="com.cricket.core.registry.RegistryTest" time="0"/>
  <testcase name="aFreshDirectoryIsEmpty" classname="com.cricket.core.registry.RegistryTest" time="0.001"/>
  <testcase name="aNullFormatIsRejected" classname="com.cricket.core.registry.RegistryTest" time="0"/>
  <testcase name="requireRaisesForAnUnimportedShortName" classname="com.cricket.core.registry.RegistryTest" time="0.001"/>
  <testcase name="aRegisteredMatchIsFound" classname="com.cricket.core.registry.RegistryTest" time="0"/>
  <testcase name="searchMatchesSeveralPlayers" classname="com.cricket.core.registry.RegistryTest" time="0"/>
  <testcase name="resetEmptiesTheRegistry" classname="com.cricket.core.registry.RegistryTest" time="0"/>
  <testcase name="shortNameLookupIgnoresCase" classname="com.cricket.core.registry.RegistryTest" time="0"/>
  <testcase name="anUnimportedShortNameIsNotFound" classname="com.cricket.core.registry.RegistryTest" time="0"/>
  <testcase name="registeringNullIsRejected" classname="com.cricket.core.registry.RegistryTest" time="0.001"/>
  <testcase name="theDirectoryIsASingleton" classname="com.cricket.core.registry.RegistryTest" time="0"/>
  <testcase name="changingARuleLeavesTheDefaults" classname="com.cricket.core.registry.RegistryTest" time="0"/>
  <testcase name="aNegativeNoBallPenaltyIsRejected" classname="com.cricket.core.registry.RegistryTest" time="0"/>
  <testcase name="onlyInProgressMatchesAreLive" classname="com.cricket.core.registry.RegistryTest" time="0.001"/>
  <testcase name="reloadingRestoresTheDefaults" classname="com.cricket.core.registry.RegistryTest" time="0"/>
  <testcase name="reRegisteringTheSameIdReplacesIt" classname="com.cricket.core.registry.RegistryTest" time="0.003"/>
  <testcase name="requireRaisesForAnUnknownMatch" classname="com.cricket.core.registry.RegistryTest" time="0.001"/>
  <testcase name="matchesAreFilteredByTeam" classname="com.cricket.core.registry.RegistryTest" time="0.001"/>
  <testcase name="zeroBallsPerOverIsRejected" classname="com.cricket.core.registry.RegistryTest" time="0"/>
  <testcase name="requireReturnsARegisteredMatch" classname="com.cricket.core.registry.RegistryTest" time="0"/>
  <testcase name="aSinglePlayerCanBeAdded" classname="com.cricket.core.registry.RegistryTest" time="0"/>
  <testcase name="allListsEveryMatch" classname="com.cricket.core.registry.RegistryTest" time="0"/>
  <testcase name="containsTracksMembership" classname="com.cricket.core.registry.RegistryTest" time="0.001"/>
  <testcase name="clearEmptiesTheDirectory" classname="com.cricket.core.registry.RegistryTest" time="0"/>
  <testcase name="anEmptySearchYieldsNothing" classname="com.cricket.core.registry.RegistryTest" time="0"/>
  <testcase name="theRulesDescribeThemselves" classname="com.cricket.core.registry.RegistryTest" time="0.015"/>
  <testcase name="aPlayerIsResolvedById" classname="com.cricket.core.registry.RegistryTest" time="0"/>
  <testcase name="removingAnUnknownMatchYieldsNull" classname="com.cricket.core.registry.RegistryTest" time="0"/>
  <testcase name="thirteenBallsPerOverIsRejected" classname="com.cricket.core.registry.RegistryTest" time="0"/>
  <testcase name="theRulesStartAtTheirDefaults" classname="com.cricket.core.registry.RegistryTest" time="0"/>
  <testcase name="importingANullSquadIsRejected" classname="com.cricket.core.registry.RegistryTest" time="0"/>
  <testcase name="anUnregisteredMatchIsNotFound" classname="com.cricket.core.registry.RegistryTest" time="0"/>
  <testcase name="t20FormatDefaultsEnableTheFreeHit" classname="com.cricket.core.registry.RegistryTest" time="0.001"/>
  <testcase name="testFormatDefaultsDisableTheFreeHit" classname="com.cricket.core.registry.RegistryTest" time="0"/>
  <testcase name="theRegistryIsASingleton" classname="com.cricket.core.registry.RegistryTest" time="0"/>
  <testcase name="aNegativeWidePenaltyIsRejected" classname="com.cricket.core.registry.RegistryTest" time="0"/>
  <testcase name="searchMatchesOnAFragment" classname="com.cricket.core.registry.RegistryTest" time="0"/>
  <testcase name="twoSquadsBothLand" classname="com.cricket.core.registry.RegistryTest" time="0.001"/>
  <testcase name="addingANullPlayerIsRejected" classname="com.cricket.core.registry.RegistryTest" time="0"/>
  <testcase name="aPlayerIsResolvedByShortName" classname="com.cricket.core.registry.RegistryTest" time="0"/>
  <testcase name="aMatchCanBeRemoved" classname="com.cricket.core.registry.RegistryTest" time="0"/>
  <testcase name="importingASquadPopulatesTheDirectory" classname="com.cricket.core.registry.RegistryTest" time="0"/>
</testsuite>