<?xml version="1.0" encoding="UTF-8"?>
<testsuite xmlns:xsi="http://www.w3.org/2001/XMLSchema-instance" xsi:noNamespaceSchemaLocation="https://maven.apache.org/surefire/maven-surefire-plugin/xsd/surefire-test-report.xsd" name="com.cricket.core.scorecard.BattingLineTest" time="0.021" tests="26" errors="0" skipped="0" failures="0">
  <properties>
[...]
</properties>
  <testcase name="aFourIsCounted" classname="com.cricket.core.scorecard.BattingLineTest" time="0"/>
  <testcase name="aNullPlayerIdIsRejected" classname="com.cricket.core.scorecard.BattingLineTest" time="0"/>
  <testcase name="toStringLeadsWithThePlayerId" classname="com.cricket.core.scorecard.BattingLineTest" time="0.018"/>
  <testcase name="negativeRunsAreRejected" classname="com.cricket.core.scorecard.BattingLineTest" time="0"/>
  <testcase name="aMilestoneIsReachedAtTheThreshold" classname="com.cricket.core.scorecard.BattingLineTest" time="0"/>
  <testcase name="strikeRateIsRunsPerHundredBalls" classname="com.cricket.core.scorecard.BattingLineTest" time="0"/>
  <testcase name="aBlankPlayerIdIsRejected" classname="com.cricket.core.scorecard.BattingLineTest" time="0"/>
  <testcase name="anUnbeatenSummaryCarriesAnAsterisk" classname="com.cricket.core.scorecard.BattingLineTest" time="0"/>
  <testcase name="aMilestoneIsNotReachedBelowTheThreshold" classname="com.cricket.core.scorecard.BattingLineTest" time="0.001"/>
  <testcase name="aMilestoneStillCountsWhenExceeded" classname="com.cricket.core.scorecard.BattingLineTest" time="0"/>
  <testcase name="ballsFacedAccumulate" classname="com.cricket.core.scorecard.BattingLineTest" time="0"/>
  <testcase name="boundaryRunsCountFoursAndSixes" classname="com.cricket.core.scorecard.BattingLineTest" time="0"/>
  <testcase name="aSixIsCounted" classname="com.cricket.core.scorecard.BattingLineTest" time="0"/>
  <testcase name="threeRunsRunAreNotABoundary" classname="com.cricket.core.scorecard.BattingLineTest" time="0"/>
  <testcase name="addingZeroRunsIsAllowed" classname="com.cricket.core.scorecard.BattingLineTest" time="0"/>
  <testcase name="strikeRateIsZeroBeforeFacingABall" classname="com.cricket.core.scorecard.BattingLineTest" time="0.002"/>
  <testcase name="aDuckIsRenderedAsZero" classname="com.cricket.core.scorecard.BattingLineTest" time="0"/>
  <testcase name="aDismissedSummaryHasNoAsterisk" classname="com.cricket.core.scorecard.BattingLineTest" time="0"/>
  <testcase name="thePlayerIdIsRetained" classname="com.cricket.core.scorecard.BattingLineTest" time="0"/>
  <testcase name="runsAccumulate" classname="com.cricket.core.scorecard.BattingLineTest" time="0"/>
  <testcase name="boundaryRunsAreZeroWithoutBoundaries" classname="com.cricket.core.scorecard.BattingLineTest" time="0"/>
  <testcase name="aBowlerIsCreditedForABowledDismissal" classname="com.cricket.core.scorecard.BattingLineTest" time="0"/>
  <testcase name="noBowlerIsCreditedForARunOut" classname="com.cricket.core.scorecard.BattingLineTest" time="0"/>
  <testcase name="markingOutRecordsTheDismissal" classname="com.cricket.core.scorecard.BattingLineTest" time="0"/>
  <testcase name="aRunABallIsAStrikeRateOfOneHundred" classname="com.cricket.core.scorecard.BattingLineTest" time="0"/>
  <testcase name="aNewLineIsBlank" classname="com.cricket.core.scorecard.BattingLineTest" time="0"/>
</testsuite>