<?xml version="1.0" encoding="UTF-8"?>
<testsuite xmlns:xsi="http://www.w3.org/2001/XMLSchema-instance" xsi:noNamespaceSchemaLocation="https://maven.apache.org/surefire/maven-surefire-plugin/xsd/surefire-test-report.xsd" name="com.cricket.core.scorecard.ScoreCardTest" time="0.015" tests="34" errors="0" skipped="0" failures="0">
  <properties>
[...]
</properties>
  <testcase name="theSameBowlingLineIsReturnedEachTime" classname="com.cricket.core.scorecard.ScoreCardTest" time="0"/>
  <testcase name="aNewCardIsBlank" classname="com.cricket.core.scorecard.ScoreCardTest" time="0"/>
  <testcase name="widesAreTallied" classname="com.cricket.core.scorecard.ScoreCardTest" time="0"/>
  <testcase name="legalBallsAccumulate" classname="com.cricket.core.scorecard.ScoreCardTest" time="0"/>
  <testcase name="negativeRunsAreRejected" classname="com.cricket.core.scorecard.ScoreCardTest" time="0"/>
  <testcase name="penaltiesAreTallied" classname="com.cricket.core.scorecard.ScoreCardTest" time="0"/>
  <testcase name="theSameBattingLineIsReturnedEachTime" classname="com.cricket.core.scorecard.ScoreCardTest" time="0"/>
  <testcase name="extrasAreZeroOnAFreshCard" classname="com.cricket.core.scorecard.ScoreCardTest" time="0"/>
  <testcase name="nineWicketsIsNotAllOut" classname="com.cricket.core.scorecard.ScoreCardTest" time="0"/>
  <testcase name="theBowlingViewIsReadOnly" classname="com.cricket.core.scorecard.ScoreCardTest" time="0"/>
  <testcase name="runRateIsZeroBeforeABallIsBowled" classname="com.cricket.core.scorecard.ScoreCardTest" time="0"/>
  <testcase name="theBattingViewIsReadOnly" classname="com.cricket.core.scorecard.ScoreCardTest" time="0"/>
  <testcase name="aBattingLineIsCreatedOnFirstReference" classname="com.cricket.core.scorecard.ScoreCardTest" time="0"/>
  <testcase name="bowlingLinesAreListed" classname="com.cricket.core.scorecard.ScoreCardTest" time="0"/>
  <testcase name="theInningsIdIsRetained" classname="com.cricket.core.scorecard.ScoreCardTest" time="0"/>
  <testcase name="theSummaryUsesTheStandardFormat" classname="com.cricket.core.scorecard.ScoreCardTest" time="0.013"/>
  <testcase name="aBlankInningsIdIsRejected" classname="com.cricket.core.scorecard.ScoreCardTest" time="0"/>
  <testcase name="battingLinesAreListed" classname="com.cricket.core.scorecard.ScoreCardTest" time="0"/>
  <testcase name="aNullInningsIdIsRejected" classname="com.cricket.core.scorecard.ScoreCardTest" time="0"/>
  <testcase name="aBlankCardSummarisesAsZero" classname="com.cricket.core.scorecard.ScoreCardTest" time="0"/>
  <testcase name="noBallsAreTallied" classname="com.cricket.core.scorecard.ScoreCardTest" time="0"/>
  <testcase name="sixLegalBallsIsOneOver" classname="com.cricket.core.scorecard.ScoreCardTest" time="0"/>
  <testcase name="oversFacedUsesCricketNotation" classname="com.cricket.core.scorecard.ScoreCardTest" time="0"/>
  <testcase name="wicketsAccumulate" classname="com.cricket.core.scorecard.ScoreCardTest" time="0"/>
  <testcase name="legByesAreTallied" classname="com.cricket.core.scorecard.ScoreCardTest" time="0"/>
  <testcase name="runRateIsRunsPerOver" classname="com.cricket.core.scorecard.ScoreCardTest" time="0"/>
  <testcase name="byesAreTallied" classname="com.cricket.core.scorecard.ScoreCardTest" time="0"/>
  <testcase name="runsAccumulate" classname="com.cricket.core.scorecard.ScoreCardTest" time="0"/>
  <testcase name="aBowlingLineIsCreatedOnFirstReference" classname="com.cricket.core.scorecard.ScoreCardTest" time="0"/>
  <testcase name="tenWicketsIsAllOut" classname="com.cricket.core.scorecard.ScoreCardTest" time="0"/>
  <testcase name="totalExtrasSumsEveryKind" classname="com.cricket.core.scorecard.ScoreCardTest" time="0"/>
  <testcase name="toStringLeadsWithTheInningsId" classname="com.cricket.core.scorecard.ScoreCardTest" time="0"/>
  <testcase name="hasBattedIsFalseUntilReferenced" classname="com.cricket.core.scorecard.ScoreCardTest" time="0"/>
  <testcase name="hasBowledIsFalseUntilReferenced" classname="com.cricket.core.scorecard.ScoreCardTest" time="0"/>
</testsuite>