<?xml version="1.0" encoding="UTF-8"?>
<testsuite xmlns:xsi="http://www.w3.org/2001/XMLSchema-instance" xsi:noNamespaceSchemaLocation="https://maven.apache.org/surefire/maven-surefire-plugin/xsd/surefire-test-report.xsd" name="com.cricket.core.engine.CommentaryGeneratorTest" time="0.076" tests="43" errors="0" skipped="0" failures="0">
  <properties>
[...]
</properties>
  <testcase name="endOfOverCountsFromOne" classname="com.cricket.core.engine.CommentaryGeneratorTest" time="0.016"/>
  <testcase name="oneByeIsRenderedInTheSingular" classname="com.cricket.core.engine.CommentaryGeneratorTest" time="0.002"/>
  <testcase name="threeRunsAreRenderedInThePlural" classname="com.cricket.core.engine.CommentaryGeneratorTest" time="0.004"/>
  <testcase name="ninetyNineIsStillAFifty" classname="com.cricket.core.engine.CommentaryGeneratorTest" time="0.022"/>
  <testcase name="aWideWithRunsMentionsThem" classname="com.cricket.core.engine.CommentaryGeneratorTest" time="0.006"/>
  <testcase name="severalRunsInAnOverAreRenderedInThePlural" classname="com.cricket.core.engine.CommentaryGeneratorTest" time="0.001"/>
  <testcase name="beingBowledIsAnnounced" classname="com.cricket.core.engine.CommentaryGeneratorTest" time="0"/>
  <testcase name="oneHundredIsAHundred" classname="com.cricket.core.engine.CommentaryGeneratorTest" time="0"/>
  <testcase name="aMaidenOverReadsAsZeroRuns" classname="com.cricket.core.engine.CommentaryGeneratorTest" time="0.001"/>
  <testcase name="obstructingTheFieldIsAnnounced" classname="com.cricket.core.engine.CommentaryGeneratorTest" time="0"/>
  <testcase name="endOfOverReportsTheScore" classname="com.cricket.core.engine.CommentaryGeneratorTest" time="0"/>
  <testcase name="aBlankStrikerNameFallsBack" classname="com.cricket.core.engine.CommentaryGeneratorTest" time="0.006"/>
  <testcase name="describeEndsWithTheOutcome" classname="com.cricket.core.engine.CommentaryGeneratorTest" time="0"/>
  <testcase name="aDotBallReadsAsNoRun" classname="com.cricket.core.engine.CommentaryGeneratorTest" time="0"/>
  <testcase name="fiftyIsAMilestone" classname="com.cricket.core.engine.CommentaryGeneratorTest" time="0"/>
  <testcase name="aBoundaryIsShouted" classname="com.cricket.core.engine.CommentaryGeneratorTest" time="0.002"/>
  <testcase name="describingANullBallIsRejected" classname="com.cricket.core.engine.CommentaryGeneratorTest" time="0.001"/>
  <testcase name="multipleByesAreRenderedInThePlural" classname="com.cricket.core.engine.CommentaryGeneratorTest" time="0"/>
  <testcase name="twoHundredIsADoubleHundred" classname="com.cricket.core.engine.CommentaryGeneratorTest" time="0"/>
  <testcase name="oneRunInAnOverIsRenderedInTheSingular" classname="com.cricket.core.engine.CommentaryGeneratorTest" time="0.001"/>
  <testcase name="aPlainNoBallIsNamed" classname="com.cricket.core.engine.CommentaryGeneratorTest" time="0"/>
  <testcase name="aRunOutNamesTheFielder" classname="com.cricket.core.engine.CommentaryGeneratorTest" time="0.001"/>
  <testcase name="anLbwIsAnnounced" classname="com.cricket.core.engine.CommentaryGeneratorTest" time="0"/>
  <testcase name="thereIsNoMilestoneBelowFifty" classname="com.cricket.core.engine.CommentaryGeneratorTest" time="0"/>
  <testcase name="aWicketOutranksTheRunsOnTheDelivery" classname="com.cricket.core.engine.CommentaryGeneratorTest" time="0"/>
  <testcase name="describeNamesBothPlayers" classname="com.cricket.core.engine.CommentaryGeneratorTest" time="0"/>
  <testcase name="aMissingBowlerNameFallsBack" classname="com.cricket.core.engine.CommentaryGeneratorTest" time="0"/>
  <testcase name="describeLeadsWithTheAddress" classname="com.cricket.core.engine.CommentaryGeneratorTest" time="0.003"/>
  <testcase name="theMilestoneNamesTheBatter" classname="com.cricket.core.engine.CommentaryGeneratorTest" time="0"/>
  <testcase name="multipleLegByesAreRenderedInThePlural" classname="com.cricket.core.engine.CommentaryGeneratorTest" time="0"/>
  <testcase name="aSingleIsRenderedInTheSingular" classname="com.cricket.core.engine.CommentaryGeneratorTest" time="0.001"/>
  <testcase name="hitWicketIsAnnounced" classname="com.cricket.core.engine.CommentaryGeneratorTest" time="0"/>
  <testcase name="oneLegByeIsRenderedInTheSingular" classname="com.cricket.core.engine.CommentaryGeneratorTest" time="0"/>
  <testcase name="aStumpingNamesTheKeeper" classname="com.cricket.core.engine.CommentaryGeneratorTest" time="0.002"/>
  <testcase name="aCatchNamesTheFielder" classname="com.cricket.core.engine.CommentaryGeneratorTest" time="0.001"/>
  <testcase name="retiringOutIsNotShouted" classname="com.cricket.core.engine.CommentaryGeneratorTest" time="0"/>
  <testcase name="aPlainWideIsNamed" classname="com.cricket.core.engine.CommentaryGeneratorTest" time="0"/>
  <testcase name="aSixIsShouted" classname="com.cricket.core.engine.CommentaryGeneratorTest" time="0.001"/>
  <testcase name="twoRunsAreRenderedInThePlural" classname="com.cricket.core.engine.CommentaryGeneratorTest" time="0"/>
  <testcase name="penaltyRunsAreNamed" classname="com.cricket.core.engine.CommentaryGeneratorTest" time="0.001"/>
  <testcase name="timedOutIsAnnounced" classname="com.cricket.core.engine.CommentaryGeneratorTest" time="0"/>
  <testcase name="aNoBallHitForRunsMentionsThem" classname="com.cricket.core.engine.CommentaryGeneratorTest" time="0.001"/>
  <testcase name="theOutcomeOfANullBallIsRejected" classname="com.cricket.core.engine.CommentaryGeneratorTest" time="0"/>
</testsuite>