<?xml version="1.0" encoding="UTF-8"?>
<testsuite xmlns:xsi="http://www.w3.org/2001/XMLSchema-instance" xsi:noNamespaceSchemaLocation="https://maven.apache.org/surefire/maven-surefire-plugin/xsd/surefire-test-report.xsd" name="com.cricket.core.engine.OverManagerTest" time="0.036" tests="30" errors="0" skipped="0" failures="0">
  <properties>
[...]
</properties>
  <testcase name="oversRemainingIsUnboundedInTests" classname="com.cricket.core.engine.OverManagerTest" time="0.002"/>
  <testcase name="aNullFormatIsRejected" classname="com.cricket.core.engine.OverManagerTest" time="0"/>
  <testcase name="aBowlerBelowTheCapIsNotBlocked" classname="com.cricket.core.engine.OverManagerTest" time="0"/>
  <testcase name="backToBackOversAreExplained" classname="com.cricket.core.engine.OverManagerTest" time="0.001"/>
  <testcase name="aFreshManagerHasNoOversRecorded" classname="com.cricket.core.engine.OverManagerTest" time="0.001"/>
  <testcase name="aBlankBowlerMayNotBowl" classname="com.cricket.core.engine.OverManagerTest" time="0"/>
  <testcase name="odiCapsBowlersAtTenOvers" classname="com.cricket.core.engine.OverManagerTest" time="0.001"/>
  <testcase name="replayCountsOnlyCompletedOvers" classname="com.cricket.core.engine.OverManagerTest" time="0.008"/>
  <testcase name="resetClearsEverything" classname="com.cricket.core.engine.OverManagerTest" time="0.001"/>
  <testcase name="replayRecoversTheLastBowler" classname="com.cricket.core.engine.OverManagerTest" time="0"/>
  <testcase name="recordingAnIllegalOverIsRejected" classname="com.cricket.core.engine.OverManagerTest" time="0.001"/>
  <testcase name="recordingAnOverSetsTheLastBowler" classname="com.cricket.core.engine.OverManagerTest" time="0"/>
  <testcase name="testCricketHasNoCap" classname="com.cricket.core.engine.OverManagerTest" time="0"/>
  <testcase name="t20CapsBowlersAtFourOvers" classname="com.cricket.core.engine.OverManagerTest" time="0"/>
  <testcase name="aFreshManagerHasNoLastBowler" classname="com.cricket.core.engine.OverManagerTest" time="0.002"/>
  <testcase name="aTestBowlerIsNeverCapped" classname="com.cricket.core.engine.OverManagerTest" time="0.001"/>
  <testcase name="aBowlerMayNotBowlConsecutiveOvers" classname="com.cricket.core.engine.OverManagerTest" time="0"/>
  <testcase name="oversRemainingCountsDownToTheCap" classname="com.cricket.core.engine.OverManagerTest" time="0"/>
  <testcase name="reachingTheCapIsExplained" classname="com.cricket.core.engine.OverManagerTest" time="0.015"/>
  <testcase name="reachingTheCapBlocksFurtherOvers" classname="com.cricket.core.engine.OverManagerTest" time="0"/>
  <testcase name="aBowlerMayReturnAfterOneOverFromTheOtherEnd" classname="com.cricket.core.engine.OverManagerTest" time="0"/>
  <testcase name="replayIsIdempotent" classname="com.cricket.core.engine.OverManagerTest" time="0"/>
  <testcase name="theFormatIsRetained" classname="com.cricket.core.engine.OverManagerTest" time="0.001"/>
  <testcase name="aValidBowlerHasNoRejectionReason" classname="com.cricket.core.engine.OverManagerTest" time="0"/>
  <testcase name="anyBowlerMayOpen" classname="com.cricket.core.engine.OverManagerTest" time="0"/>
  <testcase name="aBlankBowlerIsExplained" classname="com.cricket.core.engine.OverManagerTest" time="0"/>
  <testcase name="anotherBowlerMayFollow" classname="com.cricket.core.engine.OverManagerTest" time="0"/>
  <testcase name="bowledLastOverTracksTheMostRecentBowler" classname="com.cricket.core.engine.OverManagerTest" time="0"/>
  <testcase name="anUnknownBowlerHasNotBowledLastOver" classname="com.cricket.core.engine.OverManagerTest" time="0"/>
  <testcase name="recordingAnOverIncrementsTheTally" classname="com.cricket.core.engine.OverManagerTest" time="0"/>
</testsuite>